<?xml version="1.0" encoding="UTF-8"?>
<!-- Generated by org.testng.reporters.JUnitReportReporter -->
<testsuite hostname="DESKTOP-MQGQOGA" name="Academy.E2EProject.Titlevalidation" tests="1" failures="0" timestamp="3 Oct 2020 17:05:48 GMT" time="0.119" errors="0">
  <testcase name="baseNavigation" time="0.119" classname="Academy.E2EProject.Titlevalidation"/>
</testsuite> <!-- Academy.E2EProject.Titlevalidation -->
