<?xml version="1.0" encoding="UTF-8"?>
<!-- Generated by org.testng.reporters.JUnitReportReporter -->
<testsuite hostname="DESKTOP-MQGQOGA" name="Academy.E2EProject.Titlevalidation" tests="2" failures="0" timestamp="31 May 2020 18:21:16 GMT" time="0.185" errors="0">
  <testcase name="baseNavigation" time="0.102" classname="Academy.E2EProject.Titlevalidation"/>
  <testcase name="baseNavigationLink" time="0.083" classname="Academy.E2EProject.Titlevalidation"/>
</testsuite> <!-- Academy.E2EProject.Titlevalidation -->
