<?xml version="1.0" encoding="UTF-8"?>
<!-- Generated by org.testng.reporters.JUnitReportReporter -->
<testsuite hostname="DESKTOP-MQGQOGA" name="Academy.E2EProject.HomePage" tests="2" failures="0" timestamp="31 May 2020 18:21:16 GMT" time="17.033" errors="0">
  <testcase name="baseNavigation" time="9.910" classname="Academy.E2EProject.HomePage"/>
  <testcase name="baseNavigation" time="7.123" classname="Academy.E2EProject.HomePage"/>
</testsuite> <!-- Academy.E2EProject.HomePage -->
