<?xml version="1.0" encoding="UTF-8"?>
<!-- Generated by org.testng.reporters.JUnitReportReporter -->
<testsuite hostname="DESKTOP-MQGQOGA" name="Academy.E2EProject.HomePage" tests="2" failures="0" timestamp="1 Nov 2019 01:23:09 GMT" time="18.312" errors="0">
  <testcase name="baseNavigation" time="13.197" classname="Academy.E2EProject.HomePage"/>
  <testcase name="baseNavigation" time="5.115" classname="Academy.E2EProject.HomePage"/>
</testsuite> <!-- Academy.E2EProject.HomePage -->
