<?xml version="1.0" encoding="UTF-8"?>
<!-- Generated by org.testng.reporters.JUnitReportReporter -->
<testsuite hostname="DESKTOP-MQGQOGA" name="Academy.E2EProject.HomePage" tests="2" failures="0" timestamp="3 Oct 2020 17:05:48 GMT" time="9.150" errors="0">
  <testcase name="baseNavigation" time="3.237" classname="Academy.E2EProject.HomePage"/>
  <testcase name="baseNavigation" time="5.913" classname="Academy.E2EProject.HomePage"/>
</testsuite> <!-- Academy.E2EProject.HomePage -->
