<?xml version="1.0" encoding="UTF-8"?>
<!-- Generated by org.testng.reporters.JUnitReportReporter -->
<testsuite hostname="DESKTOP-MQGQOGA" name="Academy.E2EProject.Titlevalidation" tests="1" failures="0" timestamp="12 May 2020 03:17:23 GMT" time="0.127" errors="0">
  <testcase name="baseNavigation" time="0.127" classname="Academy.E2EProject.Titlevalidation"/>
</testsuite> <!-- Academy.E2EProject.Titlevalidation -->
