<?xml version="1.0" encoding="UTF-8"?>
<!-- Generated by org.testng.reporters.JUnitReportReporter -->
<testsuite hostname="DESKTOP-MQGQOGA" name="Academy.E2EProject.HomePage" tests="2" failures="0" timestamp="28 Oct 2019 02:54:27 GMT" time="16.836" errors="0">
  <testcase name="baseNavigation" time="12.215" classname="Academy.E2EProject.HomePage"/>
  <testcase name="baseNavigation" time="4.621" classname="Academy.E2EProject.HomePage"/>
</testsuite> <!-- Academy.E2EProject.HomePage -->
