<?xml version="1.0" encoding="UTF-8"?>
<!-- Generated by org.testng.reporters.JUnitReportReporter -->
<testsuite hostname="DESKTOP-MQGQOGA" name="Academy.E2EProject.HomePage" tests="2" failures="0" timestamp="12 May 2020 03:17:23 GMT" time="15.936" errors="0">
  <testcase name="baseNavigation" time="10.064" classname="Academy.E2EProject.HomePage"/>
  <testcase name="baseNavigation" time="5.872" classname="Academy.E2EProject.HomePage"/>
</testsuite> <!-- Academy.E2EProject.HomePage -->
